TN:
SF:src\route.ts
FN:25,(anonymous_0)
FN:37,(anonymous_1)
FNF:2
FNH:2
FNDA:4,(anonymous_0)
FNDA:6,(anonymous_1)
DA:1,2
DA:2,2
DA:3,2
DA:4,2
DA:7,2
DA:10,2
DA:12,2
DA:18,2
DA:25,4
DA:30,2
DA:37,6
DA:42,2
DA:44,2
DA:49,2
LF:14
LH:14
BRF:0
BRH:0
end_of_record
TN:
SF:src\server.ts
FN:8,connectDB
FN:27,(anonymous_2)
FNF:2
FNH:2
FNDA:3,connectDB
FNDA:1,(anonymous_2)
DA:2,2
DA:3,2
DA:4,2
DA:5,2
DA:8,2
DA:9,3
DA:10,3
DA:11,2
DA:15,1
DA:18,2
DA:20,2
DA:23,2
DA:25,2
DA:27,2
DA:28,1
DA:31,2
LF:16
LH:16
BRF:0
BRH:0
end_of_record
TN:
SF:src\config\db.ts
FNF:0
FNH:0
DA:1,2
DA:2,2
DA:3,2
DA:5,2
DA:10,2
LF:5
LH:5
BRF:0
BRH:0
end_of_record
TN:
SF:src\handlers\product.ts
FN:4,(anonymous_1)
FN:13,(anonymous_2)
FN:27,(anonymous_3)
FN:33,(anonymous_4)
FN:49,(anonymous_5)
FN:65,(anonymous_6)
FNF:6
FNH:6
FNDA:2,(anonymous_1)
FNDA:2,(anonymous_2)
FNDA:1,(anonymous_3)
FNDA:3,(anonymous_4)
FNDA:2,(anonymous_5)
FNDA:2,(anonymous_6)
DA:2,2
DA:4,2
DA:5,2
DA:10,2
DA:13,2
DA:14,2
DA:16,2
DA:18,2
DA:19,1
DA:22,1
DA:24,1
DA:27,2
DA:29,1
DA:30,1
DA:33,2
DA:34,3
DA:35,3
DA:37,3
DA:38,1
DA:41,1
DA:43,2
DA:44,2
DA:46,2
DA:49,2
DA:50,2
DA:51,2
DA:52,2
DA:53,1
DA:56,1
DA:59,1
DA:60,1
DA:62,1
DA:65,2
DA:66,2
DA:67,2
DA:68,2
DA:69,1
DA:72,1
DA:74,1
DA:75,1
LF:40
LH:40
BRDA:18,0,0,1
BRDA:37,1,0,1
BRDA:52,2,0,1
BRDA:68,3,0,1
BRF:4
BRH:4
end_of_record
TN:
SF:src\middleware\index.ts
FN:5,(anonymous_0)
FNF:1
FNH:1
FNDA:16,(anonymous_0)
DA:3,2
DA:5,2
DA:8,16
DA:9,16
DA:10,8
DA:11,8
DA:14,8
LF:7
LH:7
BRDA:9,0,0,8
BRF:1
BRH:1
end_of_record
TN:
SF:src\models\Product.model.ts
FNF:0
FNH:0
DA:1,3
DA:7,3
DA:11,3
DA:16,3
DA:22,3
DA:26,3
LF:6
LH:6
BRF:0
BRH:0
end_of_record
